xrun(64): 18.09-s011: (c) Copyright 1995-2019 Cadence Design Systems, Inc.
TOOL:	xrun(64)	18.09-s011: Started on Oct 30, 2025 at 14:40:56 CDT
xrun
	-64bit
	-gui
	-access r
	-xmelab_args "-warnmax 0 -delay_mode zero -maxdelays"
	./synthesis/Q1_ALU_syn.v
	Q1_tb_ALU.v
	/vol/ece303/genus_tutorial/NangateOpenCellLibrary.v
Recompiling... reason: checksum check failure for module worklib.alu8:v (VST).
file: ./synthesis/Q1_ALU_syn.v
	module worklib.alu8:v
		errors: 0, warnings: 0
		Caching library 'worklib' ....... Done
	Elaborating the design hierarchy:
	Top level design units:
		tb_alu8
		AND2_X2
		AND2_X4
		AND3_X2
		AND3_X4
		AND4_X1
		AND4_X2
		AND4_X4
		ANTENNA_X1
		AOI211_X2
		AOI211_X4
		AOI21_X2
		AOI21_X4
		AOI221_X2
		AOI221_X4
		AOI222_X2
		AOI222_X4
		AOI22_X2
		AOI22_X4
		BUF_X1
		BUF_X16
		BUF_X2
		BUF_X32
		BUF_X4
		BUF_X8
		CLKBUF_X1
		CLKBUF_X2
		CLKBUF_X3
		CLKGATETST_X1
		CLKGATETST_X2
		CLKGATETST_X4
		CLKGATETST_X8
		CLKGATE_X1
		CLKGATE_X2
		CLKGATE_X4
		CLKGATE_X8
		DFFRS_X1
		DFFRS_X2
		DFFR_X1
		DFFR_X2
		DFFS_X1
		DFFS_X2
		DFF_X1
		DFF_X2
		DLH_X1
		DLH_X2
		DLL_X1
		DLL_X2
		FA_X1
		FILLCELL_X1
		FILLCELL_X2
		FILLCELL_X4
		FILLCELL_X8
		FILLCELL_X16
		FILLCELL_X32
		INV_X16
		INV_X2
		INV_X32
		INV_X4
		INV_X8
		LOGIC0_X1
		LOGIC1_X1
		MUX2_X1
		MUX2_X2
		NAND2_X2
		NAND2_X4
		NAND3_X1
		NAND3_X2
		NAND3_X4
		NAND4_X1
		NAND4_X2
		NAND4_X4
		NOR2_X2
		NOR2_X4
		NOR3_X2
		NOR3_X4
		NOR4_X1
		NOR4_X2
		NOR4_X4
		OAI211_X1
		OAI211_X2
		OAI211_X4
		OAI21_X2
		OAI21_X4
		OAI221_X2
		OAI221_X4
		OAI222_X2
		OAI222_X4
		OAI22_X2
		OAI22_X4
		OAI33_X1
		OR2_X2
		OR2_X4
		OR3_X1
		OR3_X2
		OR3_X4
		OR4_X1
		OR4_X2
		OR4_X4
		SDFFRS_X1
		SDFFRS_X2
		SDFFR_X1
		SDFFR_X2
		SDFFS_X1
		SDFFS_X2
		SDFF_X1
		SDFF_X2
		TBUF_X1
		TBUF_X16
		TBUF_X2
		TBUF_X4
		TBUF_X8
		TINV_X1
		TLAT_X1
		XNOR2_X2
		XOR2_X2
	Building instance overlay tables: .................... Done
	Generating native compiled code:
		worklib.XOR2_X2:v <0x64410c36>
			streams:   0, words:     0
		worklib.XNOR2_X2:v <0x5f6d316c>
			streams:   0, words:     0
		worklib.TLAT_X1:v <0x3df86734>
			streams:   0, words:     0
		worklib.SDFF_X2:v <0x6881fbb2>
			streams:   0, words:     0
		worklib.SDFF_X1:v <0x2c4c238e>
			streams:   0, words:     0
		worklib.SDFFS_X2:v <0x27b920ea>
			streams:   0, words:     0
		worklib.SDFFS_X1:v <0x609d3b98>
			streams:   0, words:     0
		worklib.SDFFR_X2:v <0x0e1d7800>
			streams:   0, words:     0
		worklib.SDFFR_X1:v <0x49396372>
			streams:   0, words:     0
		worklib.SDFFRS_X2:v <0x20593b63>
			streams:   0, words:     0
		worklib.SDFFRS_X1:v <0x629d3143>
			streams:   0, words:     0
		worklib.OAI33_X1:v <0x00596004>
			streams:   0, words:     0
		worklib.OAI22_X4:v <0x61902307>
			streams:   0, words:     0
		worklib.OAI22_X2:v <0x3d471ee8>
			streams:   0, words:     0
		worklib.OAI222_X4:v <0x4b2ce100>
			streams:   0, words:     0
		worklib.OAI222_X2:v <0x36118d78>
			streams:   0, words:     0
		worklib.OAI221_X4:v <0x57405cd2>
			streams:   0, words:     0
		worklib.OAI221_X2:v <0x7062f468>
			streams:   0, words:     0
		worklib.OAI21_X4:v <0x6ca1b0ef>
			streams:   0, words:     0
		worklib.OAI21_X2:v <0x6676ace0>
			streams:   0, words:     0
		worklib.OAI211_X4:v <0x3d1d0cca>
			streams:   0, words:     0
		worklib.OAI211_X2:v <0x644f7240>
			streams:   0, words:     0
		worklib.OAI211_X1:v <0x1015154c>
			streams:   0, words:     0
		worklib.MUX2_X2:v <0x3f365e56>
			streams:   0, words:     0
		worklib.MUX2_X1:v <0x432fed72>
			streams:   0, words:     0
		worklib.FA_X1:v <0x445d7d0c>
			streams:   0, words:     0
		worklib.DLL_X2:v <0x4cd7301c>
			streams:   0, words:     0
		worklib.DLL_X1:v <0x24043d3b>
			streams:   0, words:     0
		worklib.DLH_X2:v <0x5cefa435>
			streams:   0, words:     0
		worklib.DLH_X1:v <0x343ca912>
			streams:   0, words:     0
		worklib.DFF_X2:v <0x3759381a>
			streams:   0, words:     0
		worklib.DFF_X1:v <0x0d12e49e>
			streams:   0, words:     0
		worklib.DFFS_X2:v <0x0a26c2d7>
			streams:   0, words:     0
		worklib.DFFS_X1:v <0x6b5cae45>
			streams:   0, words:     0
		worklib.DFFR_X2:v <0x41f370ba>
			streams:   0, words:     0
		worklib.DFFR_X1:v <0x20891c28>
			streams:   0, words:     0
		worklib.DFFRS_X2:v <0x40aac689>
			streams:   0, words:     0
		worklib.DFFRS_X1:v <0x08933b3d>
			streams:   0, words:     0
		worklib.CLKGATE_X8:v <0x4e0521ab>
			streams:   0, words:     0
		worklib.CLKGATE_X4:v <0x272a53bb>
			streams:   0, words:     0
		worklib.CLKGATE_X2:v <0x53bdeab3>
			streams:   0, words:     0
		worklib.CLKGATE_X1:v <0x69f63637>
			streams:   0, words:     0
		worklib.CLKGATETST_X8:v <0x0f17bcaa>
			streams:   0, words:     0
		worklib.CLKGATETST_X4:v <0x15e6c6e9>
			streams:   0, words:     0
		worklib.CLKGATETST_X2:v <0x6dd5a0a1>
			streams:   0, words:     0
		worklib.CLKGATETST_X1:v <0x11cc1385>
			streams:   0, words:     0
		worklib.AOI22_X4:v <0x4a71c099>
			streams:   0, words:     0
		worklib.AOI22_X2:v <0x16a6fd76>
			streams:   0, words:     0
		worklib.AOI222_X4:v <0x359acb98>
			streams:   0, words:     0
		worklib.AOI222_X2:v <0x596b95ff>
			streams:   0, words:     0
		worklib.AOI221_X4:v <0x483d430c>
			streams:   0, words:     0
		worklib.AOI221_X2:v <0x6eda0919>
			streams:   0, words:     0
		worklib.AOI21_X4:v <0x17b0209b>
			streams:   0, words:     0
		worklib.AOI21_X2:v <0x1d673c94>
			streams:   0, words:     0
		worklib.AOI211_X4:v <0x52fe506a>
			streams:   0, words:     0
		worklib.AOI211_X2:v <0x3d43a83f>
			streams:   0, words:     0
		worklib.HA_X1:v <0x78853941>
			streams:   0, words:     0
		worklib.OAI222_X1:v <0x27cee2bf>
			streams:   0, words:     0
		worklib.XOR2_X1:v <0x3869548c>
			streams:   0, words:     0
		worklib.AOI222_X1:v <0x48b4fa38>
			streams:   0, words:     0
		worklib.XNOR2_X1:v <0x3baa7603>
			streams:   0, words:     0
		worklib.AOI21_X1:v <0x20c83df6>
			streams:   0, words:     0
		worklib.OAI21_X1:v <0x5bd9ad82>
			streams:   0, words:     0
		worklib.AOI22_X1:v <0x24935033>
			streams:   0, words:     0
		worklib.AOI221_X1:v <0x0dc4a9d2>
			streams:   0, words:     0
		worklib.AOI211_X1:v <0x5f7a9679>
			streams:   0, words:     0
		worklib.OAI22_X1:v <0x1db67aa9>
			streams:   0, words:     0
		worklib.OAI221_X1:v <0x137c54a3>
			streams:   0, words:     0
		worklib.tb_alu8:v <0x4d2cadf4>
			streams:   4, words: 13840
	Building instance specific data structures.
	Loading native compiled code:     .................... Done
	Design hierarchy summary:
		                 Instances  Unique
		Modules:               277     136
		UDPs:                   93      30
		Primitives:            844       6
		Registers:              44      73
		Scalar wires:           49       -
		Expanded wires:         19       3
		Initial blocks:          1       1
		Simulation timescale:  1ps
	Writing initial simulation snapshot: worklib.tb_alu8:v

-------------------------------------
Relinquished control to SimVision...
xcelium> 
xcelium> source /vol/cadence2018/XCELIUM1809/tools/xcelium/files/xmsimrc
xcelium> database -open waves -into waves.shm -default
Created default SHM database waves
xcelium> probe -create -shm tb_alu8.Cout tb_alu8.F tb_alu8.Q tb_alu8.a tb_alu8.b
Created probe 1
xcelium> run
---- 8-bit ALU Test ----
PASS  F=000  a=12 (00001100)  b=34 (00100010)  -> Q=46 (00101110)  Cout=0
PASS  F=000  a=250 (11111010)  b=5 (00000101)  -> Q=255 (11111111)  Cout=0
PASS  F=000  a=250 (11111010)  b=6 (00000110)  -> Q=0 (00000000)  Cout=1
PASS  F=001  a=7 (00000111)  b=3 (00000011)  -> Q=4 (00000100)  Cout=0
PASS  F=001  a=3 (00000011)  b=7 (00000111)  -> Q=252 (11111100)  Cout=1
PASS  F=010  a=46 (00101110)  b=26 (00011010)  -> Q=62 (00111110)  Cout=0
PASS  F=011  a=46 (00101110)  b=26 (00011010)  -> Q=10 (00001010)  Cout=0
PASS  F=100  a=46 (00101110)  b=26 (00011010)  -> Q=52 (00110100)  Cout=0
PASS  F=101  a=46 (00101110)  b=26 (00011010)  -> Q=209 (11010001)  Cout=0
PASS  F=110  a=180 (10110100)  b=85 (01010101)  -> Q=104 (01101000)  Cout=0
PASS  F=111  a=180 (10110100)  b=85 (01010101)  -> Q=218 (11011010)  Cout=0
All tests done.
Simulation complete via $finish(1) at time 16 NS + 0
./Q1_tb_ALU.v:96         #5 $finish;
xcelium> ^C
xcelium> exit
TOOL:	xrun(64)	18.09-s011: Exiting on Oct 30, 2025 at 14:46:21 CDT  (total: 00:05:25)
