============================================================
  Generated by:           Genus(TM) Synthesis Solution 18.14-s037_1
  Generated on:           Oct 30 2025  02:30:39 pm
  Module:                 alu8
  Operating conditions:   typical 
  Interconnect mode:      global
  Area mode:              physical library
============================================================


Path 1: MET (556 ps) Path Delay Check
     Startpoint: (F) b[1]
       Endpoint: (F) Q[7]

                   Capture    Launch  
      Path Delay:+    1000         -  
      Drv Adjust:+       0         0  
         Arrival:=    1000            
                                      
   Required Time:=    1000            
       Data Path:-     444            
           Slack:=     556            

Exceptions/Constraints:
  max_delay             1000            constraints.sdc_line_1 

#----------------------------------------------------------------------------------------
# Timing Point   Flags    Arc   Edge   Cell     Fanout Load Trans Delay Arrival Instance 
#                                                      (fF)  (ps)  (ps)   (ps)  Location 
#----------------------------------------------------------------------------------------
  b[1]           -       -      F     (arrival)      4  6.4     0     0       0    (-,-) 
  g5672__3772/ZN -       A2->ZN R     NOR2_X1        2  3.1    22    32      32    (-,-) 
  g5633__1840/ZN -       A1->ZN R     OR2_X1         1  1.2     6    26      57    (-,-) 
  g5614__2391/ZN -       A1->ZN R     AND2_X1        3  5.8    17    40      98    (-,-) 
  g5599__1857/ZN -       B1->ZN F     OAI21_X1       3  4.5    16    23     120    (-,-) 
  g5589__5266/ZN -       B1->ZN R     AOI21_X1       3  5.7    40    49     169    (-,-) 
  g5586/ZN       -       A->ZN  F     INV_X1         2  2.8    12    13     183    (-,-) 
  g5581__9682/ZN -       B1->ZN R     AOI21_X1       1  2.0    23    28     211    (-,-) 
  g5578/ZN       -       A->ZN  F     INV_X1         1  1.7     7     9     220    (-,-) 
  g5569__7344/ZN -       B1->ZN R     AOI21_X1       2  3.8    31    36     257    (-,-) 
  g5568/ZN       -       A->ZN  F     INV_X1         2  2.8    10    13     269    (-,-) 
  g5560__5953/ZN -       B1->ZN R     AOI21_X1       2  3.8    31    37     306    (-,-) 
  g5557/ZN       -       A->ZN  F     INV_X1         2  2.9    10    13     319    (-,-) 
  g5556__1309/ZN -       A1->ZN F     AND3_X1        1  1.8     7    31     350    (-,-) 
  g5551__1474/ZN -       B->ZN  R     AOI211_X1      1  2.0    39    65     415    (-,-) 
  g5540__8780/ZN -       B1->ZN F     OAI221_X1      1  0.3    16    29     444    (-,-) 
  Q[7]           <<<     -      F     (port)         -    -     -     0     444    (-,-) 
#----------------------------------------------------------------------------------------

